{"/Users/efloresp06/Desktop/Herramientas/server/src/application/services/customer.service.js": {"path":"/Users/efloresp06/Desktop/Herramientas/server/src/application/services/customer.service.js","statementMap":{"0":{"start":{"line":6,"column":24},"end":{"line":11,"column":2}},"1":{"start":{"line":6,"column":39},"end":{"line":11,"column":1}},"2":{"start":{"line":17,"column":8},"end":{"line":19,"column":9}},"3":{"start":{"line":18,"column":12},"end":{"line":18,"column":95}},"4":{"start":{"line":21,"column":32},"end":{"line":21,"column":54}},"5":{"start":{"line":22,"column":25},"end":{"line":22,"column":68}},"6":{"start":{"line":24,"column":8},"end":{"line":26,"column":9}},"7":{"start":{"line":25,"column":12},"end":{"line":25,"column":28}},"8":{"start":{"line":28,"column":29},"end":{"line":28,"column":65}},"9":{"start":{"line":30,"column":25},"end":{"line":35,"column":10}},"10":{"start":{"line":37,"column":8},"end":{"line":37,"column":24}},"11":{"start":{"line":41,"column":26},"end":{"line":41,"column":54}},"12":{"start":{"line":43,"column":8},"end":{"line":43,"column":46}},"13":{"start":{"line":47,"column":25},"end":{"line":47,"column":52}},"14":{"start":{"line":48,"column":8},"end":{"line":48,"column":70}},"15":{"start":{"line":52,"column":28},"end":{"line":55,"column":10}},"16":{"start":{"line":57,"column":8},"end":{"line":59,"column":9}},"17":{"start":{"line":58,"column":12},"end":{"line":58,"column":79}},"18":{"start":{"line":61,"column":25},"end":{"line":61,"column":52}},"19":{"start":{"line":63,"column":8},"end":{"line":65,"column":9}},"20":{"start":{"line":64,"column":12},"end":{"line":64,"column":50}},"21":{"start":{"line":67,"column":8},"end":{"line":67,"column":36}},"22":{"start":{"line":73,"column":25},"end":{"line":73,"column":52}},"23":{"start":{"line":75,"column":8},"end":{"line":77,"column":9}},"24":{"start":{"line":76,"column":12},"end":{"line":76,"column":50}},"25":{"start":{"line":79,"column":8},"end":{"line":81,"column":9}},"26":{"start":{"line":80,"column":12},"end":{"line":80,"column":50}},"27":{"start":{"line":83,"column":8},"end":{"line":85,"column":9}},"28":{"start":{"line":84,"column":12},"end":{"line":84,"column":56}},"29":{"start":{"line":87,"column":8},"end":{"line":90,"column":9}},"30":{"start":{"line":88,"column":12},"end":{"line":88,"column":52}},"31":{"start":{"line":89,"column":12},"end":{"line":89,"column":65}},"32":{"start":{"line":92,"column":8},"end":{"line":94,"column":9}},"33":{"start":{"line":93,"column":12},"end":{"line":93,"column":76}},"34":{"start":{"line":96,"column":8},"end":{"line":96,"column":30}},"35":{"start":{"line":98,"column":8},"end":{"line":98,"column":52}}},"fnMap":{"0":{"name":"(anonymous_0)","decl":{"start":{"line":6,"column":24},"end":{"line":6,"column":25}},"loc":{"start":{"line":6,"column":39},"end":{"line":11,"column":1}},"line":6},"1":{"name":"(anonymous_1)","decl":{"start":{"line":15,"column":4},"end":{"line":15,"column":5}},"loc":{"start":{"line":15,"column":30},"end":{"line":38,"column":5}},"line":15},"2":{"name":"(anonymous_2)","decl":{"start":{"line":40,"column":4},"end":{"line":40,"column":5}},"loc":{"start":{"line":40,"column":27},"end":{"line":44,"column":5}},"line":40},"3":{"name":"(anonymous_3)","decl":{"start":{"line":46,"column":4},"end":{"line":46,"column":5}},"loc":{"start":{"line":46,"column":30},"end":{"line":49,"column":5}},"line":46},"4":{"name":"(anonymous_4)","decl":{"start":{"line":51,"column":4},"end":{"line":51,"column":5}},"loc":{"start":{"line":51,"column":32},"end":{"line":69,"column":5}},"line":51},"5":{"name":"(anonymous_5)","decl":{"start":{"line":71,"column":4},"end":{"line":71,"column":5}},"loc":{"start":{"line":71,"column":41},"end":{"line":99,"column":5}},"line":71}},"branchMap":{"0":{"loc":{"start":{"line":17,"column":8},"end":{"line":19,"column":9}},"type":"if","locations":[{"start":{"line":17,"column":8},"end":{"line":19,"column":9}},{"start":{},"end":{}}],"line":17},"1":{"loc":{"start":{"line":17,"column":12},"end":{"line":17,"column":54}},"type":"binary-expr","locations":[{"start":{"line":17,"column":12},"end":{"line":17,"column":22}},{"start":{"line":17,"column":26},"end":{"line":17,"column":37}},{"start":{"line":17,"column":41},"end":{"line":17,"column":54}}],"line":17},"2":{"loc":{"start":{"line":24,"column":8},"end":{"line":26,"column":9}},"type":"if","locations":[{"start":{"line":24,"column":8},"end":{"line":26,"column":9}},{"start":{},"end":{}}],"line":24},"3":{"loc":{"start":{"line":48,"column":15},"end":{"line":48,"column":69}},"type":"cond-expr","locations":[{"start":{"line":48,"column":26},"end":{"line":48,"column":62}},{"start":{"line":48,"column":65},"end":{"line":48,"column":69}}],"line":48},"4":{"loc":{"start":{"line":57,"column":8},"end":{"line":59,"column":9}},"type":"if","locations":[{"start":{"line":57,"column":8},"end":{"line":59,"column":9}},{"start":{},"end":{}}],"line":57},"5":{"loc":{"start":{"line":63,"column":8},"end":{"line":65,"column":9}},"type":"if","locations":[{"start":{"line":63,"column":8},"end":{"line":65,"column":9}},{"start":{},"end":{}}],"line":63},"6":{"loc":{"start":{"line":75,"column":8},"end":{"line":77,"column":9}},"type":"if","locations":[{"start":{"line":75,"column":8},"end":{"line":77,"column":9}},{"start":{},"end":{}}],"line":75},"7":{"loc":{"start":{"line":79,"column":8},"end":{"line":81,"column":9}},"type":"if","locations":[{"start":{"line":79,"column":8},"end":{"line":81,"column":9}},{"start":{},"end":{}}],"line":79},"8":{"loc":{"start":{"line":83,"column":8},"end":{"line":85,"column":9}},"type":"if","locations":[{"start":{"line":83,"column":8},"end":{"line":85,"column":9}},{"start":{},"end":{}}],"line":83},"9":{"loc":{"start":{"line":87,"column":8},"end":{"line":90,"column":9}},"type":"if","locations":[{"start":{"line":87,"column":8},"end":{"line":90,"column":9}},{"start":{},"end":{}}],"line":87},"10":{"loc":{"start":{"line":92,"column":8},"end":{"line":94,"column":9}},"type":"if","locations":[{"start":{"line":92,"column":8},"end":{"line":94,"column":9}},{"start":{},"end":{}}],"line":92}},"s":{"0":1,"1":3,"2":3,"3":1,"4":2,"5":2,"6":2,"7":1,"8":1,"9":1,"10":1,"11":1,"12":1,"13":2,"14":2,"15":2,"16":2,"17":1,"18":1,"19":1,"20":1,"21":0,"22":2,"23":2,"24":1,"25":1,"26":1,"27":1,"28":1,"29":1,"30":1,"31":1,"32":1,"33":1,"34":1,"35":1},"f":{"0":3,"1":3,"2":1,"3":2,"4":2,"5":2},"b":{"0":[1,2],"1":[3,3,2],"2":[1,1],"3":[1,1],"4":[1,1],"5":[1,0],"6":[1,1],"7":[1,0],"8":[1,0],"9":[1,0],"10":[1,0]},"_coverageSchema":"1a1c01bbd47fc00a2c39e90264f33305004495a9","hash":"4cfb77cf1107799b91512935cbb020b2d0a2d0af"}
,"/Users/efloresp06/Desktop/Herramientas/server/src/application/services/payment.service.js": {"path":"/Users/efloresp06/Desktop/Herramientas/server/src/application/services/payment.service.js","statementMap":{"0":{"start":{"line":9,"column":17},"end":{"line":9,"column":44}},"1":{"start":{"line":11,"column":4},"end":{"line":12,"column":40}},"2":{"start":{"line":12,"column":6},"end":{"line":12,"column":40}},"3":{"start":{"line":14,"column":4},"end":{"line":15,"column":46}},"4":{"start":{"line":15,"column":6},"end":{"line":15,"column":46}},"5":{"start":{"line":17,"column":4},"end":{"line":18,"column":48}},"6":{"start":{"line":18,"column":6},"end":{"line":18,"column":48}},"7":{"start":{"line":20,"column":28},"end":{"line":20,"column":49}},"8":{"start":{"line":21,"column":23},"end":{"line":21,"column":47}},"9":{"start":{"line":23,"column":20},"end":{"line":28,"column":6}},"10":{"start":{"line":30,"column":4},"end":{"line":30,"column":39}},"11":{"start":{"line":32,"column":4},"end":{"line":33,"column":27}},"12":{"start":{"line":33,"column":6},"end":{"line":33,"column":27}},"13":{"start":{"line":35,"column":4},"end":{"line":35,"column":22}},"14":{"start":{"line":37,"column":4},"end":{"line":48,"column":7}},"15":{"start":{"line":50,"column":4},"end":{"line":50,"column":19}},"16":{"start":{"line":54,"column":4},"end":{"line":54,"column":77}},"17":{"start":{"line":58,"column":4},"end":{"line":58,"column":32}},"18":{"start":{"line":63,"column":20},"end":{"line":63,"column":53}},"19":{"start":{"line":65,"column":4},"end":{"line":67,"column":5}},"20":{"start":{"line":66,"column":6},"end":{"line":66,"column":43}},"21":{"start":{"line":69,"column":17},"end":{"line":69,"column":52}},"22":{"start":{"line":71,"column":4},"end":{"line":73,"column":5}},"23":{"start":{"line":72,"column":6},"end":{"line":72,"column":40}},"24":{"start":{"line":76,"column":4},"end":{"line":76,"column":44}},"25":{"start":{"line":78,"column":4},"end":{"line":80,"column":5}},"26":{"start":{"line":79,"column":6},"end":{"line":79,"column":29}},"27":{"start":{"line":82,"column":4},"end":{"line":82,"column":22}},"28":{"start":{"line":83,"column":4},"end":{"line":83,"column":31}},"29":{"start":{"line":85,"column":4},"end":{"line":94,"column":7}},"30":{"start":{"line":96,"column":4},"end":{"line":96,"column":55}},"31":{"start":{"line":102,"column":20},"end":{"line":105,"column":6}},"32":{"start":{"line":107,"column":4},"end":{"line":108,"column":43}},"33":{"start":{"line":108,"column":6},"end":{"line":108,"column":43}},"34":{"start":{"line":110,"column":17},"end":{"line":110,"column":52}},"35":{"start":{"line":112,"column":4},"end":{"line":113,"column":40}},"36":{"start":{"line":113,"column":6},"end":{"line":113,"column":40}},"37":{"start":{"line":115,"column":23},"end":{"line":115,"column":54}},"38":{"start":{"line":117,"column":4},"end":{"line":118,"column":48}},"39":{"start":{"line":118,"column":6},"end":{"line":118,"column":48}},"40":{"start":{"line":120,"column":4},"end":{"line":120,"column":40}},"41":{"start":{"line":122,"column":4},"end":{"line":123,"column":27}},"42":{"start":{"line":123,"column":6},"end":{"line":123,"column":27}},"43":{"start":{"line":125,"column":4},"end":{"line":125,"column":22}},"44":{"start":{"line":127,"column":4},"end":{"line":127,"column":36}},"45":{"start":{"line":128,"column":4},"end":{"line":128,"column":25}},"46":{"start":{"line":130,"column":4},"end":{"line":138,"column":7}},"47":{"start":{"line":140,"column":4},"end":{"line":140,"column":19}}},"fnMap":{"0":{"name":"(anonymous_0)","decl":{"start":{"line":7,"column":2},"end":{"line":7,"column":3}},"loc":{"start":{"line":7,"column":50},"end":{"line":51,"column":3}},"line":7},"1":{"name":"(anonymous_1)","decl":{"start":{"line":53,"column":2},"end":{"line":53,"column":3}},"loc":{"start":{"line":53,"column":36},"end":{"line":55,"column":3}},"line":53},"2":{"name":"(anonymous_2)","decl":{"start":{"line":57,"column":2},"end":{"line":57,"column":3}},"loc":{"start":{"line":57,"column":28},"end":{"line":59,"column":3}},"line":57},"3":{"name":"(anonymous_3)","decl":{"start":{"line":61,"column":2},"end":{"line":61,"column":3}},"loc":{"start":{"line":61,"column":45},"end":{"line":98,"column":3}},"line":61},"4":{"name":"(anonymous_4)","decl":{"start":{"line":100,"column":2},"end":{"line":100,"column":3}},"loc":{"start":{"line":100,"column":47},"end":{"line":142,"column":3}},"line":100}},"branchMap":{"0":{"loc":{"start":{"line":11,"column":4},"end":{"line":12,"column":40}},"type":"if","locations":[{"start":{"line":11,"column":4},"end":{"line":12,"column":40}},{"start":{},"end":{}}],"line":11},"1":{"loc":{"start":{"line":14,"column":4},"end":{"line":15,"column":46}},"type":"if","locations":[{"start":{"line":14,"column":4},"end":{"line":15,"column":46}},{"start":{},"end":{}}],"line":14},"2":{"loc":{"start":{"line":17,"column":4},"end":{"line":18,"column":48}},"type":"if","locations":[{"start":{"line":17,"column":4},"end":{"line":18,"column":48}},{"start":{},"end":{}}],"line":17},"3":{"loc":{"start":{"line":17,"column":8},"end":{"line":17,"column":53}},"type":"binary-expr","locations":[{"start":{"line":17,"column":8},"end":{"line":17,"column":19}},{"start":{"line":17,"column":23},"end":{"line":17,"column":53}}],"line":17},"4":{"loc":{"start":{"line":32,"column":4},"end":{"line":33,"column":27}},"type":"if","locations":[{"start":{"line":32,"column":4},"end":{"line":33,"column":27}},{"start":{},"end":{}}],"line":32},"5":{"loc":{"start":{"line":65,"column":4},"end":{"line":67,"column":5}},"type":"if","locations":[{"start":{"line":65,"column":4},"end":{"line":67,"column":5}},{"start":{},"end":{}}],"line":65},"6":{"loc":{"start":{"line":71,"column":4},"end":{"line":73,"column":5}},"type":"if","locations":[{"start":{"line":71,"column":4},"end":{"line":73,"column":5}},{"start":{},"end":{}}],"line":71},"7":{"loc":{"start":{"line":78,"column":4},"end":{"line":80,"column":5}},"type":"if","locations":[{"start":{"line":78,"column":4},"end":{"line":80,"column":5}},{"start":{},"end":{}}],"line":78},"8":{"loc":{"start":{"line":107,"column":4},"end":{"line":108,"column":43}},"type":"if","locations":[{"start":{"line":107,"column":4},"end":{"line":108,"column":43}},{"start":{},"end":{}}],"line":107},"9":{"loc":{"start":{"line":112,"column":4},"end":{"line":113,"column":40}},"type":"if","locations":[{"start":{"line":112,"column":4},"end":{"line":113,"column":40}},{"start":{},"end":{}}],"line":112},"10":{"loc":{"start":{"line":117,"column":4},"end":{"line":118,"column":48}},"type":"if","locations":[{"start":{"line":117,"column":4},"end":{"line":118,"column":48}},{"start":{},"end":{}}],"line":117},"11":{"loc":{"start":{"line":122,"column":4},"end":{"line":123,"column":27}},"type":"if","locations":[{"start":{"line":122,"column":4},"end":{"line":123,"column":27}},{"start":{},"end":{}}],"line":122}},"s":{"0":10,"1":10,"2":0,"3":10,"4":1,"5":9,"6":2,"7":7,"8":7,"9":7,"10":7,"11":7,"12":1,"13":7,"14":7,"15":7,"16":1,"17":0,"18":2,"19":2,"20":1,"21":1,"22":1,"23":0,"24":1,"25":1,"26":1,"27":1,"28":1,"29":1,"30":1,"31":3,"32":3,"33":1,"34":2,"35":2,"36":0,"37":2,"38":2,"39":1,"40":1,"41":1,"42":0,"43":1,"44":1,"45":1,"46":1,"47":1},"f":{"0":10,"1":1,"2":0,"3":2,"4":3},"b":{"0":[0,10],"1":[1,9],"2":[2,7],"3":[9,8],"4":[1,6],"5":[1,1],"6":[0,1],"7":[1,0],"8":[1,2],"9":[0,2],"10":[1,1],"11":[0,1]},"_coverageSchema":"1a1c01bbd47fc00a2c39e90264f33305004495a9","hash":"38deabb41324354816fec3784f5ef4dce5462c30"}
,"/Users/efloresp06/Desktop/Herramientas/server/src/application/services/product.service.js": {"path":"/Users/efloresp06/Desktop/Herramientas/server/src/application/services/product.service.js","statementMap":{"0":{"start":{"line":9,"column":23},"end":{"line":9,"column":25}},"1":{"start":{"line":12,"column":8},"end":{"line":21,"column":9}},"2":{"start":{"line":13,"column":12},"end":{"line":20,"column":13}},"3":{"start":{"line":14,"column":30},"end":{"line":18,"column":17}},"4":{"start":{"line":19,"column":16},"end":{"line":19,"column":41}},"5":{"start":{"line":23,"column":24},"end":{"line":28,"column":10}},"6":{"start":{"line":30,"column":8},"end":{"line":30,"column":44}},"7":{"start":{"line":35,"column":25},"end":{"line":38,"column":19}},"8":{"start":{"line":40,"column":8},"end":{"line":40,"column":24}},"9":{"start":{"line":45,"column":24},"end":{"line":48,"column":19}},"10":{"start":{"line":50,"column":8},"end":{"line":52,"column":9}},"11":{"start":{"line":51,"column":12},"end":{"line":51,"column":49}},"12":{"start":{"line":54,"column":8},"end":{"line":54,"column":23}},"13":{"start":{"line":59,"column":24},"end":{"line":62,"column":10}},"14":{"start":{"line":64,"column":8},"end":{"line":66,"column":9}},"15":{"start":{"line":65,"column":12},"end":{"line":65,"column":49}},"16":{"start":{"line":69,"column":8},"end":{"line":98,"column":9}},"17":{"start":{"line":71,"column":12},"end":{"line":82,"column":13}},"18":{"start":{"line":72,"column":16},"end":{"line":81,"column":17}},"19":{"start":{"line":73,"column":37},"end":{"line":73,"column":66}},"20":{"start":{"line":74,"column":20},"end":{"line":80,"column":21}},"21":{"start":{"line":75,"column":24},"end":{"line":79,"column":25}},"22":{"start":{"line":76,"column":28},"end":{"line":76,"column":65}},"23":{"start":{"line":78,"column":28},"end":{"line":78,"column":78}},"24":{"start":{"line":85,"column":32},"end":{"line":85,"column":34}},"25":{"start":{"line":86,"column":12},"end":{"line":93,"column":13}},"26":{"start":{"line":87,"column":33},"end":{"line":91,"column":17}},"27":{"start":{"line":92,"column":16},"end":{"line":92,"column":47}},"28":{"start":{"line":94,"column":12},"end":{"line":94,"column":43}},"29":{"start":{"line":95,"column":15},"end":{"line":98,"column":9}},"30":{"start":{"line":97,"column":12},"end":{"line":97,"column":48}},"31":{"start":{"line":101,"column":8},"end":{"line":103,"column":9}},"32":{"start":{"line":102,"column":12},"end":{"line":102,"column":40}},"33":{"start":{"line":105,"column":8},"end":{"line":110,"column":9}},"34":{"start":{"line":106,"column":12},"end":{"line":108,"column":13}},"35":{"start":{"line":107,"column":16},"end":{"line":107,"column":60}},"36":{"start":{"line":109,"column":12},"end":{"line":109,"column":42}},"37":{"start":{"line":112,"column":8},"end":{"line":114,"column":9}},"38":{"start":{"line":113,"column":12},"end":{"line":113,"column":54}},"39":{"start":{"line":116,"column":8},"end":{"line":116,"column":29}},"40":{"start":{"line":118,"column":8},"end":{"line":118,"column":44}},"41":{"start":{"line":123,"column":24},"end":{"line":126,"column":10}},"42":{"start":{"line":128,"column":8},"end":{"line":130,"column":9}},"43":{"start":{"line":129,"column":12},"end":{"line":129,"column":49}},"44":{"start":{"line":133,"column":8},"end":{"line":145,"column":9}},"45":{"start":{"line":134,"column":12},"end":{"line":144,"column":13}},"46":{"start":{"line":135,"column":30},"end":{"line":135,"column":59}},"47":{"start":{"line":136,"column":16},"end":{"line":143,"column":17}},"48":{"start":{"line":137,"column":20},"end":{"line":142,"column":21}},"49":{"start":{"line":138,"column":24},"end":{"line":138,"column":58}},"50":{"start":{"line":140,"column":24},"end":{"line":140,"column":78}},"51":{"start":{"line":147,"column":8},"end":{"line":147,"column":35}},"52":{"start":{"line":149,"column":8},"end":{"line":149,"column":59}},"53":{"start":{"line":154,"column":24},"end":{"line":157,"column":10}},"54":{"start":{"line":159,"column":8},"end":{"line":161,"column":9}},"55":{"start":{"line":160,"column":12},"end":{"line":160,"column":49}},"56":{"start":{"line":163,"column":8},"end":{"line":165,"column":9}},"57":{"start":{"line":164,"column":12},"end":{"line":164,"column":53}},"58":{"start":{"line":167,"column":22},"end":{"line":167,"column":51}},"59":{"start":{"line":169,"column":8},"end":{"line":171,"column":9}},"60":{"start":{"line":170,"column":12},"end":{"line":170,"column":46}},"61":{"start":{"line":173,"column":8},"end":{"line":173,"column":73}},"62":{"start":{"line":173,"column":57},"end":{"line":173,"column":71}},"63":{"start":{"line":174,"column":8},"end":{"line":174,"column":29}},"64":{"start":{"line":176,"column":8},"end":{"line":176,"column":57}}},"fnMap":{"0":{"name":"(anonymous_0)","decl":{"start":{"line":7,"column":4},"end":{"line":7,"column":5}},"loc":{"start":{"line":7,"column":44},"end":{"line":31,"column":5}},"line":7},"1":{"name":"(anonymous_1)","decl":{"start":{"line":33,"column":4},"end":{"line":33,"column":5}},"loc":{"start":{"line":33,"column":27},"end":{"line":41,"column":5}},"line":33},"2":{"name":"(anonymous_2)","decl":{"start":{"line":43,"column":4},"end":{"line":43,"column":5}},"loc":{"start":{"line":43,"column":30},"end":{"line":55,"column":5}},"line":43},"3":{"name":"(anonymous_3)","decl":{"start":{"line":57,"column":4},"end":{"line":57,"column":5}},"loc":{"start":{"line":57,"column":55},"end":{"line":119,"column":5}},"line":57},"4":{"name":"(anonymous_4)","decl":{"start":{"line":121,"column":4},"end":{"line":121,"column":5}},"loc":{"start":{"line":121,"column":32},"end":{"line":150,"column":5}},"line":121},"5":{"name":"(anonymous_5)","decl":{"start":{"line":152,"column":4},"end":{"line":152,"column":5}},"loc":{"start":{"line":152,"column":49},"end":{"line":177,"column":5}},"line":152},"6":{"name":"(anonymous_6)","decl":{"start":{"line":173,"column":51},"end":{"line":173,"column":52}},"loc":{"start":{"line":173,"column":57},"end":{"line":173,"column":71}},"line":173}},"branchMap":{"0":{"loc":{"start":{"line":7,"column":30},"end":{"line":7,"column":42}},"type":"default-arg","locations":[{"start":{"line":7,"column":38},"end":{"line":7,"column":42}}],"line":7},"1":{"loc":{"start":{"line":12,"column":8},"end":{"line":21,"column":9}},"type":"if","locations":[{"start":{"line":12,"column":8},"end":{"line":21,"column":9}},{"start":{},"end":{}}],"line":12},"2":{"loc":{"start":{"line":12,"column":12},"end":{"line":12,"column":37}},"type":"binary-expr","locations":[{"start":{"line":12,"column":12},"end":{"line":12,"column":17}},{"start":{"line":12,"column":21},"end":{"line":12,"column":37}}],"line":12},"3":{"loc":{"start":{"line":50,"column":8},"end":{"line":52,"column":9}},"type":"if","locations":[{"start":{"line":50,"column":8},"end":{"line":52,"column":9}},{"start":{},"end":{}}],"line":50},"4":{"loc":{"start":{"line":57,"column":41},"end":{"line":57,"column":53}},"type":"default-arg","locations":[{"start":{"line":57,"column":49},"end":{"line":57,"column":53}}],"line":57},"5":{"loc":{"start":{"line":64,"column":8},"end":{"line":66,"column":9}},"type":"if","locations":[{"start":{"line":64,"column":8},"end":{"line":66,"column":9}},{"start":{},"end":{}}],"line":64},"6":{"loc":{"start":{"line":69,"column":8},"end":{"line":98,"column":9}},"type":"if","locations":[{"start":{"line":69,"column":8},"end":{"line":98,"column":9}},{"start":{"line":95,"column":15},"end":{"line":98,"column":9}}],"line":69},"7":{"loc":{"start":{"line":69,"column":12},"end":{"line":69,"column":37}},"type":"binary-expr","locations":[{"start":{"line":69,"column":12},"end":{"line":69,"column":17}},{"start":{"line":69,"column":21},"end":{"line":69,"column":37}}],"line":69},"8":{"loc":{"start":{"line":71,"column":12},"end":{"line":82,"column":13}},"type":"if","locations":[{"start":{"line":71,"column":12},"end":{"line":82,"column":13}},{"start":{},"end":{}}],"line":71},"9":{"loc":{"start":{"line":71,"column":16},"end":{"line":71,"column":63}},"type":"binary-expr","locations":[{"start":{"line":71,"column":16},"end":{"line":71,"column":32}},{"start":{"line":71,"column":36},"end":{"line":71,"column":63}}],"line":71},"10":{"loc":{"start":{"line":74,"column":20},"end":{"line":80,"column":21}},"type":"if","locations":[{"start":{"line":74,"column":20},"end":{"line":80,"column":21}},{"start":{},"end":{}}],"line":74},"11":{"loc":{"start":{"line":95,"column":15},"end":{"line":98,"column":9}},"type":"if","locations":[{"start":{"line":95,"column":15},"end":{"line":98,"column":9}},{"start":{},"end":{}}],"line":95},"12":{"loc":{"start":{"line":101,"column":8},"end":{"line":103,"column":9}},"type":"if","locations":[{"start":{"line":101,"column":8},"end":{"line":103,"column":9}},{"start":{},"end":{}}],"line":101},"13":{"loc":{"start":{"line":105,"column":8},"end":{"line":110,"column":9}},"type":"if","locations":[{"start":{"line":105,"column":8},"end":{"line":110,"column":9}},{"start":{},"end":{}}],"line":105},"14":{"loc":{"start":{"line":106,"column":12},"end":{"line":108,"column":13}},"type":"if","locations":[{"start":{"line":106,"column":12},"end":{"line":108,"column":13}},{"start":{},"end":{}}],"line":106},"15":{"loc":{"start":{"line":112,"column":8},"end":{"line":114,"column":9}},"type":"if","locations":[{"start":{"line":112,"column":8},"end":{"line":114,"column":9}},{"start":{},"end":{}}],"line":112},"16":{"loc":{"start":{"line":128,"column":8},"end":{"line":130,"column":9}},"type":"if","locations":[{"start":{"line":128,"column":8},"end":{"line":130,"column":9}},{"start":{},"end":{}}],"line":128},"17":{"loc":{"start":{"line":133,"column":8},"end":{"line":145,"column":9}},"type":"if","locations":[{"start":{"line":133,"column":8},"end":{"line":145,"column":9}},{"start":{},"end":{}}],"line":133},"18":{"loc":{"start":{"line":133,"column":12},"end":{"line":133,"column":59}},"type":"binary-expr","locations":[{"start":{"line":133,"column":12},"end":{"line":133,"column":28}},{"start":{"line":133,"column":32},"end":{"line":133,"column":59}}],"line":133},"19":{"loc":{"start":{"line":136,"column":16},"end":{"line":143,"column":17}},"type":"if","locations":[{"start":{"line":136,"column":16},"end":{"line":143,"column":17}},{"start":{},"end":{}}],"line":136},"20":{"loc":{"start":{"line":159,"column":8},"end":{"line":161,"column":9}},"type":"if","locations":[{"start":{"line":159,"column":8},"end":{"line":161,"column":9}},{"start":{},"end":{}}],"line":159},"21":{"loc":{"start":{"line":163,"column":8},"end":{"line":165,"column":9}},"type":"if","locations":[{"start":{"line":163,"column":8},"end":{"line":165,"column":9}},{"start":{},"end":{}}],"line":163},"22":{"loc":{"start":{"line":163,"column":12},"end":{"line":163,"column":62}},"type":"binary-expr","locations":[{"start":{"line":163,"column":12},"end":{"line":163,"column":29}},{"start":{"line":163,"column":33},"end":{"line":163,"column":62}}],"line":163},"23":{"loc":{"start":{"line":169,"column":8},"end":{"line":171,"column":9}},"type":"if","locations":[{"start":{"line":169,"column":8},"end":{"line":171,"column":9}},{"start":{},"end":{}}],"line":169}},"s":{"0":1,"1":1,"2":1,"3":1,"4":1,"5":1,"6":1,"7":1,"8":1,"9":2,"10":2,"11":1,"12":1,"13":2,"14":2,"15":0,"16":2,"17":0,"18":0,"19":0,"20":0,"21":0,"22":0,"23":0,"24":0,"25":0,"26":0,"27":0,"28":0,"29":2,"30":0,"31":2,"32":1,"33":2,"34":2,"35":1,"36":1,"37":1,"38":0,"39":1,"40":1,"41":1,"42":1,"43":0,"44":1,"45":1,"46":1,"47":1,"48":1,"49":1,"50":0,"51":1,"52":1,"53":1,"54":1,"55":0,"56":1,"57":0,"58":1,"59":1,"60":1,"61":1,"62":1,"63":1,"64":1},"f":{"0":1,"1":1,"2":2,"3":2,"4":1,"5":1,"6":1},"b":{"0":[0],"1":[1,0],"2":[1,1],"3":[1,1],"4":[2],"5":[0,2],"6":[0,2],"7":[2,0],"8":[0,0],"9":[0,0],"10":[0,0],"11":[0,2],"12":[1,1],"13":[2,0],"14":[1,1],"15":[0,1],"16":[0,1],"17":[1,0],"18":[1,1],"19":[1,0],"20":[0,1],"21":[0,1],"22":[1,1],"23":[1,0]},"_coverageSchema":"1a1c01bbd47fc00a2c39e90264f33305004495a9","hash":"42f53ef99843b51a6dd5cf8e4d0113b74c15f873"}
,"/Users/efloresp06/Desktop/Herramientas/server/src/domain/models/audit.model.js": {"path":"/Users/efloresp06/Desktop/Herramientas/server/src/domain/models/audit.model.js","statementMap":{"0":{"start":{"line":3,"column":20},"end":{"line":9,"column":24}},"1":{"start":{"line":11,"column":0},"end":{"line":11,"column":46}}},"fnMap":{},"branchMap":{},"s":{"0":1,"1":1},"f":{},"b":{},"_coverageSchema":"1a1c01bbd47fc00a2c39e90264f33305004495a9","hash":"b13273af9b17a0d28a6c681251db01fb97c14fc0"}
,"/Users/efloresp06/Desktop/Herramientas/server/src/domain/models/customer.model.js": {"path":"/Users/efloresp06/Desktop/Herramientas/server/src/domain/models/customer.model.js","statementMap":{"0":{"start":{"line":6,"column":23},"end":{"line":6,"column":58}},"1":{"start":{"line":6,"column":34},"end":{"line":6,"column":58}},"2":{"start":{"line":8,"column":23},"end":{"line":31,"column":1}},"3":{"start":{"line":39,"column":0},"end":{"line":52,"column":3}},"4":{"start":{"line":41,"column":2},"end":{"line":41,"column":65}},"5":{"start":{"line":45,"column":2},"end":{"line":45,"column":52}},"6":{"start":{"line":45,"column":45},"end":{"line":45,"column":52}},"7":{"start":{"line":47,"column":15},"end":{"line":47,"column":35}},"8":{"start":{"line":49,"column":2},"end":{"line":49,"column":20}},"9":{"start":{"line":49,"column":13},"end":{"line":49,"column":20}},"10":{"start":{"line":51,"column":2},"end":{"line":51,"column":37}},"11":{"start":{"line":54,"column":0},"end":{"line":68,"column":3}},"12":{"start":{"line":56,"column":2},"end":{"line":56,"column":67}},"13":{"start":{"line":60,"column":2},"end":{"line":60,"column":52}},"14":{"start":{"line":60,"column":45},"end":{"line":60,"column":52}},"15":{"start":{"line":62,"column":21},"end":{"line":62,"column":50}},"16":{"start":{"line":64,"column":2},"end":{"line":64,"column":26}},"17":{"start":{"line":64,"column":19},"end":{"line":64,"column":26}},"18":{"start":{"line":66,"column":2},"end":{"line":66,"column":48}},"19":{"start":{"line":67,"column":2},"end":{"line":67,"column":44}},"20":{"start":{"line":70,"column":0},"end":{"line":83,"column":3}},"21":{"start":{"line":72,"column":2},"end":{"line":72,"column":71}},"22":{"start":{"line":76,"column":2},"end":{"line":76,"column":52}},"23":{"start":{"line":76,"column":45},"end":{"line":76,"column":52}},"24":{"start":{"line":78,"column":15},"end":{"line":78,"column":35}},"25":{"start":{"line":80,"column":2},"end":{"line":80,"column":20}},"26":{"start":{"line":80,"column":13},"end":{"line":80,"column":20}},"27":{"start":{"line":82,"column":2},"end":{"line":82,"column":40}},"28":{"start":{"line":91,"column":0},"end":{"line":97,"column":2}},"29":{"start":{"line":105,"column":0},"end":{"line":114,"column":3}},"30":{"start":{"line":107,"column":2},"end":{"line":109,"column":3}},"31":{"start":{"line":108,"column":4},"end":{"line":108,"column":47}},"32":{"start":{"line":111,"column":2},"end":{"line":113,"column":3}},"33":{"start":{"line":112,"column":4},"end":{"line":112,"column":48}},"34":{"start":{"line":122,"column":0},"end":{"line":134,"column":3}},"35":{"start":{"line":126,"column":4},"end":{"line":126,"column":29}},"36":{"start":{"line":127,"column":4},"end":{"line":127,"column":30}},"37":{"start":{"line":128,"column":4},"end":{"line":128,"column":32}},"38":{"start":{"line":129,"column":4},"end":{"line":129,"column":31}},"39":{"start":{"line":130,"column":4},"end":{"line":130,"column":28}},"40":{"start":{"line":132,"column":4},"end":{"line":132,"column":15}},"41":{"start":{"line":142,"column":0},"end":{"line":142,"column":40}},"42":{"start":{"line":144,"column":17},"end":{"line":144,"column":59}}},"fnMap":{"0":{"name":"(anonymous_0)","decl":{"start":{"line":6,"column":23},"end":{"line":6,"column":24}},"loc":{"start":{"line":6,"column":34},"end":{"line":6,"column":58}},"line":6},"1":{"name":"(anonymous_1)","decl":{"start":{"line":40,"column":5},"end":{"line":40,"column":6}},"loc":{"start":{"line":40,"column":17},"end":{"line":42,"column":1}},"line":40},"2":{"name":"(anonymous_2)","decl":{"start":{"line":43,"column":5},"end":{"line":43,"column":6}},"loc":{"start":{"line":43,"column":22},"end":{"line":52,"column":1}},"line":43},"3":{"name":"(anonymous_3)","decl":{"start":{"line":55,"column":5},"end":{"line":55,"column":6}},"loc":{"start":{"line":55,"column":17},"end":{"line":57,"column":1}},"line":55},"4":{"name":"(anonymous_4)","decl":{"start":{"line":58,"column":5},"end":{"line":58,"column":6}},"loc":{"start":{"line":58,"column":22},"end":{"line":68,"column":1}},"line":58},"5":{"name":"(anonymous_5)","decl":{"start":{"line":71,"column":5},"end":{"line":71,"column":6}},"loc":{"start":{"line":71,"column":17},"end":{"line":73,"column":1}},"line":71},"6":{"name":"(anonymous_6)","decl":{"start":{"line":74,"column":5},"end":{"line":74,"column":6}},"loc":{"start":{"line":74,"column":22},"end":{"line":83,"column":1}},"line":74},"7":{"name":"(anonymous_7)","decl":{"start":{"line":105,"column":31},"end":{"line":105,"column":32}},"loc":{"start":{"line":105,"column":43},"end":{"line":114,"column":1}},"line":105},"8":{"name":"(anonymous_8)","decl":{"start":{"line":124,"column":13},"end":{"line":124,"column":14}},"loc":{"start":{"line":124,"column":25},"end":{"line":133,"column":3}},"line":124}},"branchMap":{"0":{"loc":{"start":{"line":41,"column":9},"end":{"line":41,"column":64}},"type":"cond-expr","locations":[{"start":{"line":41,"column":30},"end":{"line":41,"column":57}},{"start":{"line":41,"column":60},"end":{"line":41,"column":64}}],"line":41},"1":{"loc":{"start":{"line":45,"column":2},"end":{"line":45,"column":52}},"type":"if","locations":[{"start":{"line":45,"column":2},"end":{"line":45,"column":52}},{"start":{},"end":{}}],"line":45},"2":{"loc":{"start":{"line":45,"column":6},"end":{"line":45,"column":43}},"type":"binary-expr","locations":[{"start":{"line":45,"column":6},"end":{"line":45,"column":25}},{"start":{"line":45,"column":29},"end":{"line":45,"column":43}}],"line":45},"3":{"loc":{"start":{"line":49,"column":2},"end":{"line":49,"column":20}},"type":"if","locations":[{"start":{"line":49,"column":2},"end":{"line":49,"column":20}},{"start":{},"end":{}}],"line":49},"4":{"loc":{"start":{"line":56,"column":9},"end":{"line":56,"column":66}},"type":"cond-expr","locations":[{"start":{"line":56,"column":31},"end":{"line":56,"column":59}},{"start":{"line":56,"column":62},"end":{"line":56,"column":66}}],"line":56},"5":{"loc":{"start":{"line":60,"column":2},"end":{"line":60,"column":52}},"type":"if","locations":[{"start":{"line":60,"column":2},"end":{"line":60,"column":52}},{"start":{},"end":{}}],"line":60},"6":{"loc":{"start":{"line":60,"column":6},"end":{"line":60,"column":43}},"type":"binary-expr","locations":[{"start":{"line":60,"column":6},"end":{"line":60,"column":25}},{"start":{"line":60,"column":29},"end":{"line":60,"column":43}}],"line":60},"7":{"loc":{"start":{"line":64,"column":2},"end":{"line":64,"column":26}},"type":"if","locations":[{"start":{"line":64,"column":2},"end":{"line":64,"column":26}},{"start":{},"end":{}}],"line":64},"8":{"loc":{"start":{"line":72,"column":9},"end":{"line":72,"column":70}},"type":"cond-expr","locations":[{"start":{"line":72,"column":33},"end":{"line":72,"column":63}},{"start":{"line":72,"column":66},"end":{"line":72,"column":70}}],"line":72},"9":{"loc":{"start":{"line":76,"column":2},"end":{"line":76,"column":52}},"type":"if","locations":[{"start":{"line":76,"column":2},"end":{"line":76,"column":52}},{"start":{},"end":{}}],"line":76},"10":{"loc":{"start":{"line":76,"column":6},"end":{"line":76,"column":43}},"type":"binary-expr","locations":[{"start":{"line":76,"column":6},"end":{"line":76,"column":25}},{"start":{"line":76,"column":29},"end":{"line":76,"column":43}}],"line":76},"11":{"loc":{"start":{"line":80,"column":2},"end":{"line":80,"column":20}},"type":"if","locations":[{"start":{"line":80,"column":2},"end":{"line":80,"column":20}},{"start":{},"end":{}}],"line":80},"12":{"loc":{"start":{"line":107,"column":2},"end":{"line":109,"column":3}},"type":"if","locations":[{"start":{"line":107,"column":2},"end":{"line":109,"column":3}},{"start":{},"end":{}}],"line":107},"13":{"loc":{"start":{"line":111,"column":2},"end":{"line":113,"column":3}},"type":"if","locations":[{"start":{"line":111,"column":2},"end":{"line":113,"column":3}},{"start":{},"end":{}}],"line":111}},"s":{"0":1,"1":1,"2":1,"3":1,"4":2,"5":1,"6":0,"7":1,"8":1,"9":0,"10":1,"11":1,"12":2,"13":1,"14":0,"15":1,"16":1,"17":0,"18":1,"19":1,"20":1,"21":2,"22":1,"23":0,"24":1,"25":1,"26":0,"27":1,"28":1,"29":1,"30":7,"31":0,"32":7,"33":0,"34":1,"35":0,"36":0,"37":0,"38":0,"39":0,"40":0,"41":1,"42":1},"f":{"0":1,"1":2,"2":1,"3":2,"4":1,"5":2,"6":1,"7":7,"8":0},"b":{"0":[2,0],"1":[0,1],"2":[1,1],"3":[0,1],"4":[2,0],"5":[0,1],"6":[1,1],"7":[0,1],"8":[2,0],"9":[0,1],"10":[1,1],"11":[0,1],"12":[0,7],"13":[0,7]},"_coverageSchema":"1a1c01bbd47fc00a2c39e90264f33305004495a9","hash":"4f22048a6eb813c716b423890eef9a85b053131e"}
,"/Users/efloresp06/Desktop/Herramientas/server/src/domain/models/image.model.js": {"path":"/Users/efloresp06/Desktop/Herramientas/server/src/domain/models/image.model.js","statementMap":{"0":{"start":{"line":3,"column":20},"end":{"line":23,"column":1}},"1":{"start":{"line":25,"column":14},"end":{"line":25,"column":50}}},"fnMap":{},"branchMap":{},"s":{"0":1,"1":1},"f":{},"b":{},"_coverageSchema":"1a1c01bbd47fc00a2c39e90264f33305004495a9","hash":"bbd1fbe751430f4d70ce0c8de064751bb15875ae"}
,"/Users/efloresp06/Desktop/Herramientas/server/src/domain/models/payment.model.js": {"path":"/Users/efloresp06/Desktop/Herramientas/server/src/domain/models/payment.model.js","statementMap":{"0":{"start":{"line":4,"column":22},"end":{"line":40,"column":1}},"1":{"start":{"line":42,"column":0},"end":{"line":42,"column":39}},"2":{"start":{"line":44,"column":0},"end":{"line":44,"column":45}},"3":{"start":{"line":46,"column":16},"end":{"line":46,"column":56}}},"fnMap":{},"branchMap":{},"s":{"0":1,"1":1,"2":1,"3":1},"f":{},"b":{},"_coverageSchema":"1a1c01bbd47fc00a2c39e90264f33305004495a9","hash":"51c85731cb2ceadd505d71266a087063a056816b"}
,"/Users/efloresp06/Desktop/Herramientas/server/src/domain/models/product.model.js": {"path":"/Users/efloresp06/Desktop/Herramientas/server/src/domain/models/product.model.js","statementMap":{"0":{"start":{"line":4,"column":22},"end":{"line":33,"column":1}},"1":{"start":{"line":35,"column":0},"end":{"line":35,"column":38}},"2":{"start":{"line":37,"column":0},"end":{"line":37,"column":39}},"3":{"start":{"line":39,"column":16},"end":{"line":39,"column":56}}},"fnMap":{},"branchMap":{},"s":{"0":2,"1":2,"2":2,"3":2},"f":{},"b":{},"_coverageSchema":"1a1c01bbd47fc00a2c39e90264f33305004495a9","hash":"1f7136567817884c85ad9a96a370364ede287caf"}
,"/Users/efloresp06/Desktop/Herramientas/server/src/domain/models/sale.model.js": {"path":"/Users/efloresp06/Desktop/Herramientas/server/src/domain/models/sale.model.js","statementMap":{"0":{"start":{"line":4,"column":19},"end":{"line":26,"column":1}},"1":{"start":{"line":29,"column":0},"end":{"line":40,"column":3}},"2":{"start":{"line":31,"column":2},"end":{"line":39,"column":3}},"3":{"start":{"line":32,"column":4},"end":{"line":38,"column":5}},"4":{"start":{"line":33,"column":6},"end":{"line":37,"column":7}},"5":{"start":{"line":34,"column":8},"end":{"line":34,"column":49}},"6":{"start":{"line":35,"column":13},"end":{"line":37,"column":7}},"7":{"start":{"line":36,"column":8},"end":{"line":36,"column":34}},"8":{"start":{"line":43,"column":0},"end":{"line":46,"column":3}},"9":{"start":{"line":45,"column":2},"end":{"line":45,"column":64}},"10":{"start":{"line":48,"column":0},"end":{"line":48,"column":47}},"11":{"start":{"line":49,"column":0},"end":{"line":49,"column":35}},"12":{"start":{"line":51,"column":0},"end":{"line":51,"column":36}}},"fnMap":{"0":{"name":"(anonymous_0)","decl":{"start":{"line":29,"column":27},"end":{"line":29,"column":28}},"loc":{"start":{"line":29,"column":39},"end":{"line":40,"column":1}},"line":29},"1":{"name":"(anonymous_1)","decl":{"start":{"line":43,"column":23},"end":{"line":43,"column":24}},"loc":{"start":{"line":43,"column":35},"end":{"line":46,"column":1}},"line":43}},"branchMap":{"0":{"loc":{"start":{"line":31,"column":2},"end":{"line":39,"column":3}},"type":"if","locations":[{"start":{"line":31,"column":2},"end":{"line":39,"column":3}},{"start":{},"end":{}}],"line":31},"1":{"loc":{"start":{"line":32,"column":4},"end":{"line":38,"column":5}},"type":"if","locations":[{"start":{"line":32,"column":4},"end":{"line":38,"column":5}},{"start":{},"end":{}}],"line":32},"2":{"loc":{"start":{"line":32,"column":8},"end":{"line":32,"column":77}},"type":"binary-expr","locations":[{"start":{"line":32,"column":8},"end":{"line":32,"column":43}},{"start":{"line":32,"column":47},"end":{"line":32,"column":77}}],"line":32},"3":{"loc":{"start":{"line":33,"column":6},"end":{"line":37,"column":7}},"type":"if","locations":[{"start":{"line":33,"column":6},"end":{"line":37,"column":7}},{"start":{"line":35,"column":13},"end":{"line":37,"column":7}}],"line":33},"4":{"loc":{"start":{"line":35,"column":13},"end":{"line":37,"column":7}},"type":"if","locations":[{"start":{"line":35,"column":13},"end":{"line":37,"column":7}},{"start":{},"end":{}}],"line":35},"5":{"loc":{"start":{"line":45,"column":16},"end":{"line":45,"column":63}},"type":"cond-expr","locations":[{"start":{"line":45,"column":46},"end":{"line":45,"column":52}},{"start":{"line":45,"column":55},"end":{"line":45,"column":63}}],"line":45}},"s":{"0":2,"1":2,"2":20,"3":10,"4":1,"5":1,"6":0,"7":0,"8":2,"9":20,"10":2,"11":2,"12":2},"f":{"0":20,"1":20},"b":{"0":[10,10],"1":[1,9],"2":[10,9],"3":[1,0],"4":[0,0],"5":[2,18]},"_coverageSchema":"1a1c01bbd47fc00a2c39e90264f33305004495a9","hash":"a9780e71c418b884622e02efa850046e6ff817fb"}
,"/Users/efloresp06/Desktop/Herramientas/server/src/domain/plugins/softDelete.plugin.js": {"path":"/Users/efloresp06/Desktop/Herramientas/server/src/domain/plugins/softDelete.plugin.js","statementMap":{"0":{"start":{"line":1,"column":25},"end":{"line":144,"column":1}},"1":{"start":{"line":7,"column":2},"end":{"line":10,"column":5}},"2":{"start":{"line":16,"column":2},"end":{"line":24,"column":4}},"3":{"start":{"line":18,"column":4},"end":{"line":18,"column":36}},"4":{"start":{"line":18,"column":24},"end":{"line":18,"column":36}},"5":{"start":{"line":20,"column":4},"end":{"line":20,"column":26}},"6":{"start":{"line":21,"column":4},"end":{"line":21,"column":32}},"7":{"start":{"line":23,"column":4},"end":{"line":23,"column":23}},"8":{"start":{"line":26,"column":2},"end":{"line":34,"column":4}},"9":{"start":{"line":28,"column":4},"end":{"line":28,"column":37}},"10":{"start":{"line":28,"column":25},"end":{"line":28,"column":37}},"11":{"start":{"line":30,"column":4},"end":{"line":30,"column":27}},"12":{"start":{"line":31,"column":4},"end":{"line":31,"column":26}},"13":{"start":{"line":33,"column":4},"end":{"line":33,"column":23}},"14":{"start":{"line":40,"column":2},"end":{"line":45,"column":4}},"15":{"start":{"line":41,"column":4},"end":{"line":44,"column":6}},"16":{"start":{"line":47,"column":2},"end":{"line":52,"column":4}},"17":{"start":{"line":48,"column":4},"end":{"line":51,"column":6}},"18":{"start":{"line":54,"column":2},"end":{"line":59,"column":4}},"19":{"start":{"line":55,"column":4},"end":{"line":58,"column":6}},"20":{"start":{"line":61,"column":2},"end":{"line":66,"column":4}},"21":{"start":{"line":62,"column":4},"end":{"line":65,"column":6}},"22":{"start":{"line":72,"column":2},"end":{"line":74,"column":4}},"23":{"start":{"line":73,"column":4},"end":{"line":73,"column":53}},"24":{"start":{"line":76,"column":2},"end":{"line":78,"column":4}},"25":{"start":{"line":77,"column":4},"end":{"line":77,"column":80}},"26":{"start":{"line":84,"column":21},"end":{"line":95,"column":3}},"27":{"start":{"line":86,"column":20},"end":{"line":86,"column":45}},"28":{"start":{"line":88,"column":4},"end":{"line":90,"column":5}},"29":{"start":{"line":89,"column":6},"end":{"line":89,"column":47}},"30":{"start":{"line":92,"column":4},"end":{"line":94,"column":5}},"31":{"start":{"line":93,"column":6},"end":{"line":93,"column":36}},"32":{"start":{"line":97,"column":2},"end":{"line":97,"column":34}},"33":{"start":{"line":98,"column":2},"end":{"line":98,"column":43}},"34":{"start":{"line":99,"column":2},"end":{"line":99,"column":37}},"35":{"start":{"line":105,"column":2},"end":{"line":142,"column":5}},"36":{"start":{"line":107,"column":21},"end":{"line":107,"column":36}},"37":{"start":{"line":109,"column":32},"end":{"line":111,"column":5}},"38":{"start":{"line":110,"column":15},"end":{"line":110,"column":52}},"39":{"start":{"line":113,"column":27},"end":{"line":113,"column":55}},"40":{"start":{"line":115,"column":4},"end":{"line":140,"column":5}},"41":{"start":{"line":117,"column":25},"end":{"line":117,"column":65}},"42":{"start":{"line":119,"column":6},"end":{"line":122,"column":7}},"43":{"start":{"line":120,"column":8},"end":{"line":120,"column":34}},"44":{"start":{"line":121,"column":8},"end":{"line":121,"column":15}},"45":{"start":{"line":124,"column":25},"end":{"line":124,"column":36}},"46":{"start":{"line":126,"column":6},"end":{"line":130,"column":7}},"47":{"start":{"line":127,"column":8},"end":{"line":127,"column":42}},"48":{"start":{"line":129,"column":8},"end":{"line":129,"column":37}},"49":{"start":{"line":134,"column":6},"end":{"line":138,"column":7}},"50":{"start":{"line":135,"column":8},"end":{"line":137,"column":9}},"51":{"start":{"line":136,"column":10},"end":{"line":136,"column":45}}},"fnMap":{"0":{"name":"(anonymous_0)","decl":{"start":{"line":1,"column":25},"end":{"line":1,"column":26}},"loc":{"start":{"line":1,"column":37},"end":{"line":144,"column":1}},"line":1},"1":{"name":"(anonymous_1)","decl":{"start":{"line":16,"column":30},"end":{"line":16,"column":31}},"loc":{"start":{"line":16,"column":48},"end":{"line":24,"column":3}},"line":16},"2":{"name":"(anonymous_2)","decl":{"start":{"line":26,"column":27},"end":{"line":26,"column":28}},"loc":{"start":{"line":26,"column":45},"end":{"line":34,"column":3}},"line":26},"3":{"name":"(anonymous_3)","decl":{"start":{"line":40,"column":34},"end":{"line":40,"column":35}},"loc":{"start":{"line":40,"column":48},"end":{"line":45,"column":3}},"line":40},"4":{"name":"(anonymous_4)","decl":{"start":{"line":47,"column":31},"end":{"line":47,"column":32}},"loc":{"start":{"line":47,"column":45},"end":{"line":52,"column":3}},"line":47},"5":{"name":"(anonymous_5)","decl":{"start":{"line":54,"column":34},"end":{"line":54,"column":35}},"loc":{"start":{"line":54,"column":52},"end":{"line":59,"column":3}},"line":54},"6":{"name":"(anonymous_6)","decl":{"start":{"line":61,"column":31},"end":{"line":61,"column":32}},"loc":{"start":{"line":61,"column":49},"end":{"line":66,"column":3}},"line":61},"7":{"name":"(anonymous_7)","decl":{"start":{"line":72,"column":29},"end":{"line":72,"column":30}},"loc":{"start":{"line":72,"column":41},"end":{"line":74,"column":3}},"line":72},"8":{"name":"(anonymous_8)","decl":{"start":{"line":76,"column":29},"end":{"line":76,"column":30}},"loc":{"start":{"line":76,"column":41},"end":{"line":78,"column":3}},"line":76},"9":{"name":"(anonymous_9)","decl":{"start":{"line":84,"column":21},"end":{"line":84,"column":22}},"loc":{"start":{"line":84,"column":33},"end":{"line":95,"column":3}},"line":84},"10":{"name":"(anonymous_10)","decl":{"start":{"line":105,"column":26},"end":{"line":105,"column":27}},"loc":{"start":{"line":105,"column":38},"end":{"line":142,"column":3}},"line":105},"11":{"name":"(anonymous_11)","decl":{"start":{"line":110,"column":6},"end":{"line":110,"column":7}},"loc":{"start":{"line":110,"column":15},"end":{"line":110,"column":52}},"line":110}},"branchMap":{"0":{"loc":{"start":{"line":18,"column":4},"end":{"line":18,"column":36}},"type":"if","locations":[{"start":{"line":18,"column":4},"end":{"line":18,"column":36}},{"start":{},"end":{}}],"line":18},"1":{"loc":{"start":{"line":28,"column":4},"end":{"line":28,"column":37}},"type":"if","locations":[{"start":{"line":28,"column":4},"end":{"line":28,"column":37}},{"start":{},"end":{}}],"line":28},"2":{"loc":{"start":{"line":86,"column":20},"end":{"line":86,"column":45}},"type":"binary-expr","locations":[{"start":{"line":86,"column":20},"end":{"line":86,"column":39}},{"start":{"line":86,"column":43},"end":{"line":86,"column":45}}],"line":86},"3":{"loc":{"start":{"line":88,"column":4},"end":{"line":90,"column":5}},"type":"if","locations":[{"start":{"line":88,"column":4},"end":{"line":90,"column":5}},{"start":{},"end":{}}],"line":88},"4":{"loc":{"start":{"line":92,"column":4},"end":{"line":94,"column":5}},"type":"if","locations":[{"start":{"line":92,"column":4},"end":{"line":94,"column":5}},{"start":{},"end":{}}],"line":92},"5":{"loc":{"start":{"line":115,"column":4},"end":{"line":140,"column":5}},"type":"if","locations":[{"start":{"line":115,"column":4},"end":{"line":140,"column":5}},{"start":{"line":132,"column":11},"end":{"line":140,"column":5}}],"line":115},"6":{"loc":{"start":{"line":119,"column":6},"end":{"line":122,"column":7}},"type":"if","locations":[{"start":{"line":119,"column":6},"end":{"line":122,"column":7}},{"start":{},"end":{}}],"line":119},"7":{"loc":{"start":{"line":126,"column":6},"end":{"line":130,"column":7}},"type":"if","locations":[{"start":{"line":126,"column":6},"end":{"line":130,"column":7}},{"start":{"line":128,"column":13},"end":{"line":130,"column":7}}],"line":126},"8":{"loc":{"start":{"line":126,"column":10},"end":{"line":126,"column":53}},"type":"binary-expr","locations":[{"start":{"line":126,"column":10},"end":{"line":126,"column":30}},{"start":{"line":126,"column":34},"end":{"line":126,"column":53}}],"line":126},"9":{"loc":{"start":{"line":135,"column":8},"end":{"line":137,"column":9}},"type":"if","locations":[{"start":{"line":135,"column":8},"end":{"line":137,"column":9}},{"start":{},"end":{}}],"line":135}},"s":{"0":3,"1":6,"2":6,"3":1,"4":0,"5":1,"6":1,"7":1,"8":6,"9":0,"10":0,"11":0,"12":0,"13":0,"14":6,"15":0,"16":6,"17":0,"18":6,"19":0,"20":6,"21":0,"22":6,"23":0,"24":6,"25":0,"26":6,"27":35,"28":35,"29":35,"30":35,"31":0,"32":6,"33":6,"34":6,"35":6,"36":0,"37":0,"38":0,"39":0,"40":0,"41":0,"42":0,"43":0,"44":0,"45":0,"46":0,"47":0,"48":0,"49":0,"50":0,"51":0},"f":{"0":6,"1":1,"2":0,"3":0,"4":0,"5":0,"6":0,"7":0,"8":0,"9":35,"10":0,"11":0},"b":{"0":[0,1],"1":[0,0],"2":[35,0],"3":[35,0],"4":[0,35],"5":[0,0],"6":[0,0],"7":[0,0],"8":[0,0],"9":[0,0]},"_coverageSchema":"1a1c01bbd47fc00a2c39e90264f33305004495a9","hash":"3cdf31f2d2d2a08643dc6cf2e26d61943f5d0ad1"}
,"/Users/efloresp06/Desktop/Herramientas/server/src/interfaces/controllers/sale.controller.js": {"path":"/Users/efloresp06/Desktop/Herramientas/server/src/interfaces/controllers/sale.controller.js","statementMap":{"0":{"start":{"line":3,"column":19},"end":{"line":10,"column":1}},"1":{"start":{"line":4,"column":4},"end":{"line":9,"column":5}},"2":{"start":{"line":5,"column":21},"end":{"line":5,"column":55}},"3":{"start":{"line":6,"column":8},"end":{"line":6,"column":35}},"4":{"start":{"line":8,"column":8},"end":{"line":8,"column":55}},"5":{"start":{"line":12,"column":17},"end":{"line":19,"column":1}},"6":{"start":{"line":13,"column":4},"end":{"line":18,"column":5}},"7":{"start":{"line":14,"column":22},"end":{"line":14,"column":49}},"8":{"start":{"line":15,"column":8},"end":{"line":15,"column":24}},"9":{"start":{"line":17,"column":8},"end":{"line":17,"column":55}},"10":{"start":{"line":21,"column":16},"end":{"line":28,"column":1}},"11":{"start":{"line":22,"column":4},"end":{"line":27,"column":5}},"12":{"start":{"line":23,"column":21},"end":{"line":23,"column":62}},"13":{"start":{"line":24,"column":8},"end":{"line":24,"column":23}},"14":{"start":{"line":26,"column":8},"end":{"line":26,"column":55}},"15":{"start":{"line":30,"column":19},"end":{"line":37,"column":1}},"16":{"start":{"line":31,"column":4},"end":{"line":36,"column":5}},"17":{"start":{"line":32,"column":21},"end":{"line":32,"column":74}},"18":{"start":{"line":33,"column":8},"end":{"line":33,"column":23}},"19":{"start":{"line":35,"column":8},"end":{"line":35,"column":55}},"20":{"start":{"line":39,"column":19},"end":{"line":46,"column":1}},"21":{"start":{"line":40,"column":4},"end":{"line":45,"column":5}},"22":{"start":{"line":41,"column":8},"end":{"line":41,"column":52}},"23":{"start":{"line":42,"column":8},"end":{"line":42,"column":46}},"24":{"start":{"line":44,"column":8},"end":{"line":44,"column":55}}},"fnMap":{"0":{"name":"(anonymous_0)","decl":{"start":{"line":3,"column":19},"end":{"line":3,"column":20}},"loc":{"start":{"line":3,"column":39},"end":{"line":10,"column":1}},"line":3},"1":{"name":"(anonymous_1)","decl":{"start":{"line":12,"column":17},"end":{"line":12,"column":18}},"loc":{"start":{"line":12,"column":37},"end":{"line":19,"column":1}},"line":12},"2":{"name":"(anonymous_2)","decl":{"start":{"line":21,"column":16},"end":{"line":21,"column":17}},"loc":{"start":{"line":21,"column":36},"end":{"line":28,"column":1}},"line":21},"3":{"name":"(anonymous_3)","decl":{"start":{"line":30,"column":19},"end":{"line":30,"column":20}},"loc":{"start":{"line":30,"column":39},"end":{"line":37,"column":1}},"line":30},"4":{"name":"(anonymous_4)","decl":{"start":{"line":39,"column":19},"end":{"line":39,"column":20}},"loc":{"start":{"line":39,"column":39},"end":{"line":46,"column":1}},"line":39}},"branchMap":{},"s":{"0":1,"1":2,"2":2,"3":1,"4":1,"5":1,"6":2,"7":2,"8":1,"9":1,"10":1,"11":2,"12":2,"13":1,"14":1,"15":1,"16":2,"17":2,"18":1,"19":1,"20":1,"21":2,"22":2,"23":1,"24":1},"f":{"0":2,"1":2,"2":2,"3":2,"4":2},"b":{},"_coverageSchema":"1a1c01bbd47fc00a2c39e90264f33305004495a9","hash":"a80ea8e25c4a4f2925fbaedff3d421575bcccb9b"}
,"/Users/efloresp06/Desktop/Herramientas/server/src/interfaces/controllers/user.controller.js": {"path":"/Users/efloresp06/Desktop/Herramientas/server/src/interfaces/controllers/user.controller.js","statementMap":{"0":{"start":{"line":3,"column":19},"end":{"line":10,"column":1}},"1":{"start":{"line":4,"column":4},"end":{"line":9,"column":5}},"2":{"start":{"line":5,"column":21},"end":{"line":5,"column":55}},"3":{"start":{"line":6,"column":8},"end":{"line":6,"column":35}},"4":{"start":{"line":8,"column":8},"end":{"line":8,"column":55}},"5":{"start":{"line":12,"column":17},"end":{"line":19,"column":1}},"6":{"start":{"line":13,"column":4},"end":{"line":18,"column":5}},"7":{"start":{"line":14,"column":22},"end":{"line":14,"column":49}},"8":{"start":{"line":15,"column":8},"end":{"line":15,"column":36}},"9":{"start":{"line":17,"column":8},"end":{"line":17,"column":55}},"10":{"start":{"line":21,"column":16},"end":{"line":28,"column":1}},"11":{"start":{"line":22,"column":4},"end":{"line":27,"column":5}},"12":{"start":{"line":23,"column":21},"end":{"line":23,"column":62}},"13":{"start":{"line":24,"column":8},"end":{"line":24,"column":35}},"14":{"start":{"line":26,"column":8},"end":{"line":26,"column":55}},"15":{"start":{"line":30,"column":19},"end":{"line":37,"column":1}},"16":{"start":{"line":31,"column":4},"end":{"line":36,"column":5}},"17":{"start":{"line":32,"column":21},"end":{"line":32,"column":74}},"18":{"start":{"line":33,"column":8},"end":{"line":33,"column":35}},"19":{"start":{"line":35,"column":8},"end":{"line":35,"column":55}},"20":{"start":{"line":39,"column":19},"end":{"line":46,"column":1}},"21":{"start":{"line":40,"column":4},"end":{"line":45,"column":5}},"22":{"start":{"line":41,"column":8},"end":{"line":41,"column":52}},"23":{"start":{"line":42,"column":8},"end":{"line":42,"column":71}},"24":{"start":{"line":44,"column":8},"end":{"line":44,"column":55}}},"fnMap":{"0":{"name":"(anonymous_0)","decl":{"start":{"line":3,"column":19},"end":{"line":3,"column":20}},"loc":{"start":{"line":3,"column":39},"end":{"line":10,"column":1}},"line":3},"1":{"name":"(anonymous_1)","decl":{"start":{"line":12,"column":17},"end":{"line":12,"column":18}},"loc":{"start":{"line":12,"column":37},"end":{"line":19,"column":1}},"line":12},"2":{"name":"(anonymous_2)","decl":{"start":{"line":21,"column":16},"end":{"line":21,"column":17}},"loc":{"start":{"line":21,"column":36},"end":{"line":28,"column":1}},"line":21},"3":{"name":"(anonymous_3)","decl":{"start":{"line":30,"column":19},"end":{"line":30,"column":20}},"loc":{"start":{"line":30,"column":39},"end":{"line":37,"column":1}},"line":30},"4":{"name":"(anonymous_4)","decl":{"start":{"line":39,"column":19},"end":{"line":39,"column":20}},"loc":{"start":{"line":39,"column":39},"end":{"line":46,"column":1}},"line":39}},"branchMap":{},"s":{"0":1,"1":2,"2":2,"3":1,"4":1,"5":1,"6":2,"7":2,"8":1,"9":1,"10":1,"11":2,"12":2,"13":1,"14":1,"15":1,"16":2,"17":2,"18":1,"19":1,"20":1,"21":2,"22":2,"23":1,"24":1},"f":{"0":2,"1":2,"2":2,"3":2,"4":2},"b":{},"_coverageSchema":"1a1c01bbd47fc00a2c39e90264f33305004495a9","hash":"402eb2046fd2520964e65e62e141c2b85577cb3a"}
}
