TN:
SF:src/application/services/customer.service.js
FN:6,(anonymous_0)
FN:15,(anonymous_1)
FN:40,(anonymous_2)
FN:46,(anonymous_3)
FN:51,(anonymous_4)
FN:71,(anonymous_5)
FNF:6
FNH:6
FNDA:3,(anonymous_0)
FNDA:3,(anonymous_1)
FNDA:1,(anonymous_2)
FNDA:2,(anonymous_3)
FNDA:2,(anonymous_4)
FNDA:2,(anonymous_5)
DA:6,3
DA:17,3
DA:18,1
DA:21,2
DA:22,2
DA:24,2
DA:25,1
DA:28,1
DA:30,1
DA:37,1
DA:41,1
DA:43,1
DA:47,2
DA:48,2
DA:52,2
DA:57,2
DA:58,1
DA:61,1
DA:63,1
DA:64,1
DA:67,0
DA:73,2
DA:75,2
DA:76,1
DA:79,1
DA:80,1
DA:83,1
DA:84,1
DA:87,1
DA:88,1
DA:89,1
DA:92,1
DA:93,1
DA:96,1
DA:98,1
LF:35
LH:34
BRDA:17,0,0,1
BRDA:17,0,1,2
BRDA:17,1,0,3
BRDA:17,1,1,3
BRDA:17,1,2,2
BRDA:24,2,0,1
BRDA:24,2,1,1
BRDA:48,3,0,1
BRDA:48,3,1,1
BRDA:57,4,0,1
BRDA:57,4,1,1
BRDA:63,5,0,1
BRDA:63,5,1,0
BRDA:75,6,0,1
BRDA:75,6,1,1
BRDA:79,7,0,1
BRDA:79,7,1,0
BRDA:83,8,0,1
BRDA:83,8,1,0
BRDA:87,9,0,1
BRDA:87,9,1,0
BRDA:92,10,0,1
BRDA:92,10,1,0
BRF:23
BRH:18
end_of_record
TN:
SF:src/application/services/payment.service.js
FN:7,(anonymous_0)
FN:53,(anonymous_1)
FN:57,(anonymous_2)
FN:61,(anonymous_3)
FN:100,(anonymous_4)
FNF:5
FNH:4
FNDA:10,(anonymous_0)
FNDA:1,(anonymous_1)
FNDA:0,(anonymous_2)
FNDA:2,(anonymous_3)
FNDA:3,(anonymous_4)
DA:9,10
DA:11,10
DA:12,0
DA:14,10
DA:15,1
DA:17,9
DA:18,2
DA:20,7
DA:21,7
DA:23,7
DA:30,7
DA:32,7
DA:33,1
DA:35,7
DA:37,7
DA:50,7
DA:54,1
DA:58,0
DA:63,2
DA:65,2
DA:66,1
DA:69,1
DA:71,1
DA:72,0
DA:76,1
DA:78,1
DA:79,1
DA:82,1
DA:83,1
DA:85,1
DA:96,1
DA:102,3
DA:107,3
DA:108,1
DA:110,2
DA:112,2
DA:113,0
DA:115,2
DA:117,2
DA:118,1
DA:120,1
DA:122,1
DA:123,0
DA:125,1
DA:127,1
DA:128,1
DA:130,1
DA:140,1
LF:48
LH:43
BRDA:11,0,0,0
BRDA:11,0,1,10
BRDA:14,1,0,1
BRDA:14,1,1,9
BRDA:17,2,0,2
BRDA:17,2,1,7
BRDA:17,3,0,9
BRDA:17,3,1,8
BRDA:32,4,0,1
BRDA:32,4,1,6
BRDA:65,5,0,1
BRDA:65,5,1,1
BRDA:71,6,0,0
BRDA:71,6,1,1
BRDA:78,7,0,1
BRDA:78,7,1,0
BRDA:107,8,0,1
BRDA:107,8,1,2
BRDA:112,9,0,0
BRDA:112,9,1,2
BRDA:117,10,0,1
BRDA:117,10,1,1
BRDA:122,11,0,0
BRDA:122,11,1,1
BRF:24
BRH:19
end_of_record
TN:
SF:src/application/services/product.service.js
FN:7,(anonymous_0)
FN:33,(anonymous_1)
FN:43,(anonymous_2)
FN:57,(anonymous_3)
FN:121,(anonymous_4)
FN:152,(anonymous_5)
FN:173,(anonymous_6)
FNF:7
FNH:7
FNDA:1,(anonymous_0)
FNDA:1,(anonymous_1)
FNDA:2,(anonymous_2)
FNDA:2,(anonymous_3)
FNDA:1,(anonymous_4)
FNDA:1,(anonymous_5)
FNDA:1,(anonymous_6)
DA:9,1
DA:12,1
DA:13,1
DA:14,1
DA:19,1
DA:23,1
DA:30,1
DA:35,1
DA:40,1
DA:45,2
DA:50,2
DA:51,1
DA:54,1
DA:59,2
DA:64,2
DA:65,0
DA:69,2
DA:71,0
DA:72,0
DA:73,0
DA:74,0
DA:75,0
DA:76,0
DA:78,0
DA:85,0
DA:86,0
DA:87,0
DA:92,0
DA:94,0
DA:95,2
DA:97,0
DA:101,2
DA:102,1
DA:105,2
DA:106,2
DA:107,1
DA:109,1
DA:112,1
DA:113,0
DA:116,1
DA:118,1
DA:123,1
DA:128,1
DA:129,0
DA:133,1
DA:134,1
DA:135,1
DA:136,1
DA:137,1
DA:138,1
DA:140,0
DA:147,1
DA:149,1
DA:154,1
DA:159,1
DA:160,0
DA:163,1
DA:164,0
DA:167,1
DA:169,1
DA:170,1
DA:173,1
DA:174,1
DA:176,1
LF:64
LH:45
BRDA:7,0,0,0
BRDA:12,1,0,1
BRDA:12,1,1,0
BRDA:12,2,0,1
BRDA:12,2,1,1
BRDA:50,3,0,1
BRDA:50,3,1,1
BRDA:57,4,0,2
BRDA:64,5,0,0
BRDA:64,5,1,2
BRDA:69,6,0,0
BRDA:69,6,1,2
BRDA:69,7,0,2
BRDA:69,7,1,0
BRDA:71,8,0,0
BRDA:71,8,1,0
BRDA:71,9,0,0
BRDA:71,9,1,0
BRDA:74,10,0,0
BRDA:74,10,1,0
BRDA:95,11,0,0
BRDA:95,11,1,2
BRDA:101,12,0,1
BRDA:101,12,1,1
BRDA:105,13,0,2
BRDA:105,13,1,0
BRDA:106,14,0,1
BRDA:106,14,1,1
BRDA:112,15,0,0
BRDA:112,15,1,1
BRDA:128,16,0,0
BRDA:128,16,1,1
BRDA:133,17,0,1
BRDA:133,17,1,0
BRDA:133,18,0,1
BRDA:133,18,1,1
BRDA:136,19,0,1
BRDA:136,19,1,0
BRDA:159,20,0,0
BRDA:159,20,1,1
BRDA:163,21,0,0
BRDA:163,21,1,1
BRDA:163,22,0,1
BRDA:163,22,1,1
BRDA:169,23,0,1
BRDA:169,23,1,0
BRF:46
BRH:26
end_of_record
TN:
SF:src/domain/models/audit.model.js
FNF:0
FNH:0
DA:3,1
DA:11,1
LF:2
LH:2
BRF:0
BRH:0
end_of_record
TN:
SF:src/domain/models/customer.model.js
FN:6,(anonymous_0)
FN:40,(anonymous_1)
FN:43,(anonymous_2)
FN:55,(anonymous_3)
FN:58,(anonymous_4)
FN:71,(anonymous_5)
FN:74,(anonymous_6)
FN:105,(anonymous_7)
FN:124,(anonymous_8)
FNF:9
FNH:8
FNDA:1,(anonymous_0)
FNDA:2,(anonymous_1)
FNDA:1,(anonymous_2)
FNDA:2,(anonymous_3)
FNDA:1,(anonymous_4)
FNDA:2,(anonymous_5)
FNDA:1,(anonymous_6)
FNDA:7,(anonymous_7)
FNDA:0,(anonymous_8)
DA:6,1
DA:8,1
DA:39,1
DA:41,2
DA:45,1
DA:47,1
DA:49,1
DA:51,1
DA:54,1
DA:56,2
DA:60,1
DA:62,1
DA:64,1
DA:66,1
DA:67,1
DA:70,1
DA:72,2
DA:76,1
DA:78,1
DA:80,1
DA:82,1
DA:91,1
DA:105,1
DA:107,7
DA:108,0
DA:111,7
DA:112,0
DA:122,1
DA:126,0
DA:127,0
DA:128,0
DA:129,0
DA:130,0
DA:132,0
DA:142,1
DA:144,1
LF:36
LH:28
BRDA:41,0,0,2
BRDA:41,0,1,0
BRDA:45,1,0,0
BRDA:45,1,1,1
BRDA:45,2,0,1
BRDA:45,2,1,1
BRDA:49,3,0,0
BRDA:49,3,1,1
BRDA:56,4,0,2
BRDA:56,4,1,0
BRDA:60,5,0,0
BRDA:60,5,1,1
BRDA:60,6,0,1
BRDA:60,6,1,1
BRDA:64,7,0,0
BRDA:64,7,1,1
BRDA:72,8,0,2
BRDA:72,8,1,0
BRDA:76,9,0,0
BRDA:76,9,1,1
BRDA:76,10,0,1
BRDA:76,10,1,1
BRDA:80,11,0,0
BRDA:80,11,1,1
BRDA:107,12,0,0
BRDA:107,12,1,7
BRDA:111,13,0,0
BRDA:111,13,1,7
BRF:28
BRH:17
end_of_record
TN:
SF:src/domain/models/image.model.js
FNF:0
FNH:0
DA:3,1
DA:25,1
LF:2
LH:2
BRF:0
BRH:0
end_of_record
TN:
SF:src/domain/models/payment.model.js
FNF:0
FNH:0
DA:4,1
DA:42,1
DA:44,1
DA:46,1
LF:4
LH:4
BRF:0
BRH:0
end_of_record
TN:
SF:src/domain/models/product.model.js
FNF:0
FNH:0
DA:4,2
DA:35,2
DA:37,2
DA:39,2
LF:4
LH:4
BRF:0
BRH:0
end_of_record
TN:
SF:src/domain/models/sale.model.js
FN:29,(anonymous_0)
FN:43,(anonymous_1)
FNF:2
FNH:2
FNDA:20,(anonymous_0)
FNDA:20,(anonymous_1)
DA:4,2
DA:29,2
DA:31,20
DA:32,10
DA:33,1
DA:34,1
DA:35,0
DA:36,0
DA:43,2
DA:45,20
DA:48,2
DA:49,2
DA:51,2
LF:13
LH:11
BRDA:31,0,0,10
BRDA:31,0,1,10
BRDA:32,1,0,1
BRDA:32,1,1,9
BRDA:32,2,0,10
BRDA:32,2,1,9
BRDA:33,3,0,1
BRDA:33,3,1,0
BRDA:35,4,0,0
BRDA:35,4,1,0
BRDA:45,5,0,2
BRDA:45,5,1,18
BRF:12
BRH:9
end_of_record
TN:
SF:src/domain/plugins/softDelete.plugin.js
FN:1,(anonymous_0)
FN:16,(anonymous_1)
FN:26,(anonymous_2)
FN:40,(anonymous_3)
FN:47,(anonymous_4)
FN:54,(anonymous_5)
FN:61,(anonymous_6)
FN:72,(anonymous_7)
FN:76,(anonymous_8)
FN:84,(anonymous_9)
FN:105,(anonymous_10)
FN:110,(anonymous_11)
FNF:12
FNH:3
FNDA:6,(anonymous_0)
FNDA:1,(anonymous_1)
FNDA:0,(anonymous_2)
FNDA:0,(anonymous_3)
FNDA:0,(anonymous_4)
FNDA:0,(anonymous_5)
FNDA:0,(anonymous_6)
FNDA:0,(anonymous_7)
FNDA:0,(anonymous_8)
FNDA:35,(anonymous_9)
FNDA:0,(anonymous_10)
FNDA:0,(anonymous_11)
DA:1,3
DA:7,6
DA:16,6
DA:18,1
DA:20,1
DA:21,1
DA:23,1
DA:26,6
DA:28,0
DA:30,0
DA:31,0
DA:33,0
DA:40,6
DA:41,0
DA:47,6
DA:48,0
DA:54,6
DA:55,0
DA:61,6
DA:62,0
DA:72,6
DA:73,0
DA:76,6
DA:77,0
DA:84,6
DA:86,35
DA:88,35
DA:89,35
DA:92,35
DA:93,0
DA:97,6
DA:98,6
DA:99,6
DA:105,6
DA:107,0
DA:109,0
DA:110,0
DA:113,0
DA:115,0
DA:117,0
DA:119,0
DA:120,0
DA:121,0
DA:124,0
DA:126,0
DA:127,0
DA:129,0
DA:134,0
DA:135,0
DA:136,0
LF:50
LH:23
BRDA:18,0,0,0
BRDA:18,0,1,1
BRDA:28,1,0,0
BRDA:28,1,1,0
BRDA:86,2,0,35
BRDA:86,2,1,0
BRDA:88,3,0,35
BRDA:88,3,1,0
BRDA:92,4,0,0
BRDA:92,4,1,35
BRDA:115,5,0,0
BRDA:115,5,1,0
BRDA:119,6,0,0
BRDA:119,6,1,0
BRDA:126,7,0,0
BRDA:126,7,1,0
BRDA:126,8,0,0
BRDA:126,8,1,0
BRDA:135,9,0,0
BRDA:135,9,1,0
BRF:20
BRH:4
end_of_record
TN:
SF:src/interfaces/controllers/sale.controller.js
FN:3,(anonymous_0)
FN:12,(anonymous_1)
FN:21,(anonymous_2)
FN:30,(anonymous_3)
FN:39,(anonymous_4)
FNF:5
FNH:5
FNDA:2,(anonymous_0)
FNDA:2,(anonymous_1)
FNDA:2,(anonymous_2)
FNDA:2,(anonymous_3)
FNDA:2,(anonymous_4)
DA:3,1
DA:4,2
DA:5,2
DA:6,1
DA:8,1
DA:12,1
DA:13,2
DA:14,2
DA:15,1
DA:17,1
DA:21,1
DA:22,2
DA:23,2
DA:24,1
DA:26,1
DA:30,1
DA:31,2
DA:32,2
DA:33,1
DA:35,1
DA:39,1
DA:40,2
DA:41,2
DA:42,1
DA:44,1
LF:25
LH:25
BRF:0
BRH:0
end_of_record
TN:
SF:src/interfaces/controllers/user.controller.js
FN:3,(anonymous_0)
FN:12,(anonymous_1)
FN:21,(anonymous_2)
FN:30,(anonymous_3)
FN:39,(anonymous_4)
FNF:5
FNH:5
FNDA:2,(anonymous_0)
FNDA:2,(anonymous_1)
FNDA:2,(anonymous_2)
FNDA:2,(anonymous_3)
FNDA:2,(anonymous_4)
DA:3,1
DA:4,2
DA:5,2
DA:6,1
DA:8,1
DA:12,1
DA:13,2
DA:14,2
DA:15,1
DA:17,1
DA:21,1
DA:22,2
DA:23,2
DA:24,1
DA:26,1
DA:30,1
DA:31,2
DA:32,2
DA:33,1
DA:35,1
DA:39,1
DA:40,2
DA:41,2
DA:42,1
DA:44,1
LF:25
LH:25
BRF:0
BRH:0
end_of_record
